2022/01/19 23:16:27 [emerg] 1#1: invalid number of arguments in "root" directive in /etc/nginx/conf.d/default.conf:6
2022/01/19 23:16:27 [emerg] 1#1: invalid number of arguments in "root" directive in /etc/nginx/conf.d/default.conf:6
2022/01/19 23:16:28 [emerg] 1#1: invalid number of arguments in "root" directive in /etc/nginx/conf.d/default.conf:6
2022/01/19 23:16:29 [emerg] 1#1: invalid number of arguments in "root" directive in /etc/nginx/conf.d/default.conf:6
2022/01/19 23:16:30 [emerg] 1#1: invalid number of arguments in "root" directive in /etc/nginx/conf.d/default.conf:6
2022/01/19 23:16:32 [emerg] 1#1: invalid number of arguments in "root" directive in /etc/nginx/conf.d/default.conf:6
2022/01/19 23:16:35 [emerg] 1#1: invalid number of arguments in "root" directive in /etc/nginx/conf.d/default.conf:6
2022/01/19 23:16:42 [emerg] 1#1: invalid number of arguments in "root" directive in /etc/nginx/conf.d/default.conf:6
2022/01/19 23:16:56 [emerg] 1#1: invalid number of arguments in "root" directive in /etc/nginx/conf.d/default.conf:6
2022/01/19 23:17:21 [emerg] 1#1: invalid number of arguments in "root" directive in /etc/nginx/conf.d/default.conf:6
2022/01/19 23:18:13 [emerg] 1#1: invalid number of arguments in "root" directive in /etc/nginx/conf.d/default.conf:6
2022/01/19 23:18:55 [notice] 1#1: using the "epoll" event method
2022/01/19 23:18:55 [notice] 1#1: nginx/1.21.3
2022/01/19 23:18:55 [notice] 1#1: built by gcc 10.3.1 20210424 (Alpine 10.3.1_git20210424) 
2022/01/19 23:18:55 [notice] 1#1: OS: Linux 5.10.76-linuxkit
2022/01/19 23:18:55 [notice] 1#1: getrlimit(RLIMIT_NOFILE): 1048576:1048576
2022/01/19 23:18:55 [notice] 1#1: start worker processes
2022/01/19 23:18:55 [notice] 1#1: start worker process 32
2022/01/19 23:18:55 [notice] 1#1: start worker process 33
2022/01/19 23:18:55 [notice] 1#1: start worker process 34
2022/01/19 23:18:55 [notice] 1#1: start worker process 35
2022/01/19 23:18:55 [notice] 1#1: start worker process 36
2022/01/19 23:18:55 [notice] 1#1: start worker process 37
2022/01/19 23:18:55 [notice] 1#1: start worker process 38
2022/01/19 23:18:55 [notice] 1#1: start worker process 39
2022/02/01 20:27:12 [notice] 1#1: using the "epoll" event method
2022/02/01 20:27:12 [notice] 1#1: nginx/1.21.6
2022/02/01 20:27:12 [notice] 1#1: built by gcc 10.3.1 20211027 (Alpine 10.3.1_git20211027) 
2022/02/01 20:27:12 [notice] 1#1: OS: Linux 5.10.25-linuxkit
2022/02/01 20:27:12 [notice] 1#1: getrlimit(RLIMIT_NOFILE): 1048576:1048576
2022/02/01 20:27:12 [notice] 1#1: start worker processes
2022/02/01 20:27:12 [notice] 1#1: start worker process 31
2022/02/01 20:27:12 [notice] 1#1: start worker process 32
2022/02/01 20:27:12 [notice] 1#1: start worker process 33
2022/02/01 20:27:12 [notice] 1#1: start worker process 34
2022/02/01 20:27:12 [notice] 1#1: start worker process 35
2022/02/01 20:27:12 [notice] 1#1: start worker process 36
2022/02/01 20:27:12 [notice] 1#1: start worker process 37
2022/02/01 20:27:12 [notice] 1#1: start worker process 38
2022/02/01 21:13:39 [notice] 33#33: signal 15 (SIGTERM) received, exiting
2022/02/01 21:13:39 [notice] 33#33: exiting
2022/02/01 21:13:39 [notice] 37#37: signal 15 (SIGTERM) received, exiting
2022/02/01 21:13:39 [notice] 37#37: exiting
2022/02/01 21:26:12 [notice] 1#1: using the "epoll" event method
2022/02/01 21:26:12 [notice] 1#1: nginx/1.21.6
2022/02/01 21:26:12 [notice] 1#1: built by gcc 10.3.1 20211027 (Alpine 10.3.1_git20211027) 
2022/02/01 21:26:12 [notice] 1#1: OS: Linux 5.10.25-linuxkit
2022/02/01 21:26:12 [notice] 1#1: getrlimit(RLIMIT_NOFILE): 1048576:1048576
2022/02/01 21:26:12 [notice] 1#1: start worker processes
2022/02/01 21:26:12 [notice] 1#1: start worker process 32
2022/02/01 21:26:12 [notice] 1#1: start worker process 33
2022/02/01 21:26:12 [notice] 1#1: start worker process 34
2022/02/01 21:26:12 [notice] 1#1: start worker process 35
2022/02/01 21:26:12 [notice] 1#1: start worker process 36
2022/02/01 21:26:12 [notice] 1#1: start worker process 37
2022/02/01 21:26:12 [notice] 1#1: start worker process 38
2022/02/01 21:26:12 [notice] 1#1: start worker process 39
2022/02/04 15:42:19 [notice] 1#1: using the "epoll" event method
2022/02/04 15:42:19 [notice] 1#1: nginx/1.21.6
2022/02/04 15:42:19 [notice] 1#1: built by gcc 10.3.1 20211027 (Alpine 10.3.1_git20211027) 
2022/02/04 15:42:19 [notice] 1#1: OS: Linux 5.10.25-linuxkit
2022/02/04 15:42:19 [notice] 1#1: getrlimit(RLIMIT_NOFILE): 1048576:1048576
2022/02/04 15:42:19 [notice] 1#1: start worker processes
2022/02/04 15:42:19 [notice] 1#1: start worker process 31
2022/02/04 15:42:19 [notice] 1#1: start worker process 32
2022/02/04 15:42:19 [notice] 1#1: start worker process 33
2022/02/04 15:42:19 [notice] 1#1: start worker process 34
2022/02/04 15:42:19 [notice] 1#1: start worker process 35
2022/02/04 15:42:19 [notice] 1#1: start worker process 36
2022/02/04 15:42:19 [notice] 1#1: start worker process 37
2022/02/04 15:42:19 [notice] 1#1: start worker process 38
2022/02/04 15:54:21 [notice] 36#36: signal 15 (SIGTERM) received, exiting
2022/02/04 15:54:21 [notice] 36#36: exiting
2022/02/06 23:37:00 [notice] 1#1: using the "epoll" event method
2022/02/06 23:37:00 [notice] 1#1: nginx/1.21.6
2022/02/06 23:37:00 [notice] 1#1: built by gcc 10.3.1 20211027 (Alpine 10.3.1_git20211027) 
2022/02/06 23:37:00 [notice] 1#1: OS: Linux 5.10.25-linuxkit
2022/02/06 23:37:00 [notice] 1#1: getrlimit(RLIMIT_NOFILE): 1048576:1048576
2022/02/06 23:37:00 [notice] 1#1: start worker processes
2022/02/06 23:37:00 [notice] 1#1: start worker process 32
2022/02/06 23:37:00 [notice] 1#1: start worker process 33
2022/02/06 23:37:00 [notice] 1#1: start worker process 34
2022/02/06 23:37:00 [notice] 1#1: start worker process 35
2022/02/06 23:37:00 [notice] 1#1: start worker process 36
2022/02/06 23:37:00 [notice] 1#1: start worker process 37
2022/02/06 23:37:00 [notice] 1#1: start worker process 38
2022/02/06 23:37:00 [notice] 1#1: start worker process 39
2022/02/07 17:54:28 [notice] 1#1: using the "epoll" event method
2022/02/07 17:54:28 [notice] 1#1: nginx/1.21.6
2022/02/07 17:54:28 [notice] 1#1: built by gcc 10.3.1 20211027 (Alpine 10.3.1_git20211027) 
2022/02/07 17:54:28 [notice] 1#1: OS: Linux 5.10.25-linuxkit
2022/02/07 17:54:28 [notice] 1#1: getrlimit(RLIMIT_NOFILE): 1048576:1048576
2022/02/07 17:54:28 [notice] 1#1: start worker processes
2022/02/07 17:54:28 [notice] 1#1: start worker process 31
2022/02/07 17:54:28 [notice] 1#1: start worker process 32
2022/02/07 17:54:28 [notice] 1#1: start worker process 33
2022/02/07 17:54:28 [notice] 1#1: start worker process 34
2022/02/07 17:54:28 [notice] 1#1: start worker process 35
2022/02/07 17:54:28 [notice] 1#1: start worker process 36
2022/02/07 17:54:28 [notice] 1#1: start worker process 37
2022/02/07 17:54:28 [notice] 1#1: start worker process 38
2022/02/07 17:57:48 [notice] 31#31: signal 15 (SIGTERM) received, exiting
2022/02/07 17:57:48 [notice] 31#31: exiting
2022/02/07 17:57:48 [notice] 38#38: signal 15 (SIGTERM) received, exiting
2022/02/07 17:58:49 [notice] 1#1: using the "epoll" event method
2022/02/07 17:58:49 [notice] 1#1: nginx/1.21.6
2022/02/07 17:58:49 [notice] 1#1: built by gcc 10.3.1 20211027 (Alpine 10.3.1_git20211027) 
2022/02/07 17:58:49 [notice] 1#1: OS: Linux 5.10.76-linuxkit
2022/02/07 17:58:49 [notice] 1#1: getrlimit(RLIMIT_NOFILE): 1048576:1048576
2022/02/07 17:58:49 [notice] 1#1: start worker processes
2022/02/07 17:58:49 [notice] 1#1: start worker process 32
2022/02/07 17:58:49 [notice] 1#1: start worker process 33
2022/02/07 17:58:49 [notice] 1#1: start worker process 34
2022/02/07 17:58:49 [notice] 1#1: start worker process 35
2022/02/07 17:58:49 [notice] 1#1: start worker process 36
2022/02/07 17:58:49 [notice] 1#1: start worker process 37
2022/02/07 17:58:49 [notice] 1#1: start worker process 38
2022/02/07 17:58:49 [notice] 1#1: start worker process 39
2022/02/07 18:08:13 [notice] 1#1: signal 3 (SIGQUIT) received, shutting down
2022/02/07 18:08:13 [notice] 32#32: gracefully shutting down
2022/02/07 18:08:13 [notice] 32#32: exiting
2022/02/07 18:08:13 [notice] 33#33: gracefully shutting down
2022/02/07 18:08:13 [notice] 33#33: exiting
2022/02/07 18:08:13 [notice] 34#34: gracefully shutting down
2022/02/07 18:08:13 [notice] 35#35: gracefully shutting down
2022/02/07 18:08:13 [notice] 36#36: gracefully shutting down
2022/02/07 18:08:13 [notice] 37#37: gracefully shutting down
2022/02/07 18:08:13 [notice] 37#37: exiting
2022/02/07 18:08:13 [notice] 38#38: gracefully shutting down
2022/02/07 18:08:13 [notice] 38#38: exiting
2022/02/07 18:08:13 [notice] 39#39: gracefully shutting down
2022/02/07 18:08:13 [notice] 32#32: exit
2022/02/07 18:08:13 [notice] 33#33: exit
2022/02/07 18:08:13 [notice] 34#34: exiting
2022/02/07 18:08:13 [notice] 35#35: exiting
2022/02/07 18:08:13 [notice] 36#36: exiting
2022/02/07 18:08:13 [notice] 37#37: exit
2022/02/07 18:08:13 [notice] 38#38: exit
2022/02/07 18:08:13 [notice] 39#39: exiting
2022/02/07 18:08:13 [notice] 34#34: exit
2022/02/07 18:08:13 [notice] 35#35: exit
2022/02/07 18:08:13 [notice] 36#36: exit
2022/02/07 18:08:13 [notice] 39#39: exit
2022/02/07 18:08:13 [notice] 1#1: signal 17 (SIGCHLD) received from 32
2022/02/07 18:08:13 [notice] 1#1: worker process 32 exited with code 0
2022/02/07 18:08:13 [notice] 1#1: signal 29 (SIGIO) received
2022/02/07 18:08:13 [notice] 1#1: signal 17 (SIGCHLD) received from 34
2022/02/07 18:08:13 [notice] 1#1: worker process 34 exited with code 0
2022/02/07 18:08:13 [notice] 1#1: worker process 35 exited with code 0
2022/02/07 18:08:13 [notice] 1#1: worker process 36 exited with code 0
2022/02/07 18:08:13 [notice] 1#1: worker process 37 exited with code 0
2022/02/07 18:08:13 [notice] 1#1: worker process 39 exited with code 0
2022/02/07 18:08:13 [notice] 1#1: signal 29 (SIGIO) received
2022/02/07 18:08:13 [notice] 1#1: signal 17 (SIGCHLD) received from 36
2022/02/07 18:08:13 [notice] 1#1: worker process 33 exited with code 0
2022/02/07 18:08:13 [notice] 1#1: worker process 38 exited with code 0
2022/02/07 18:08:13 [notice] 1#1: exit
2022/02/07 18:08:39 [emerg] 1#1: unexpected "}" in /etc/nginx/conf.d/default.conf:18
2022/02/07 18:08:40 [emerg] 1#1: unexpected "}" in /etc/nginx/conf.d/default.conf:18
2022/02/07 18:08:40 [emerg] 1#1: unexpected "}" in /etc/nginx/conf.d/default.conf:18
2022/02/07 18:08:41 [emerg] 1#1: unexpected "}" in /etc/nginx/conf.d/default.conf:18
2022/02/07 18:08:42 [emerg] 1#1: unexpected "}" in /etc/nginx/conf.d/default.conf:18
2022/02/07 18:08:44 [emerg] 1#1: unexpected "}" in /etc/nginx/conf.d/default.conf:18
2022/02/07 18:08:48 [emerg] 1#1: unexpected "}" in /etc/nginx/conf.d/default.conf:18
2022/02/07 18:08:54 [emerg] 1#1: unexpected "}" in /etc/nginx/conf.d/default.conf:18
2022/02/07 18:09:07 [emerg] 1#1: unexpected "}" in /etc/nginx/conf.d/default.conf:18
2022/02/07 18:09:33 [emerg] 1#1: unexpected "}" in /etc/nginx/conf.d/default.conf:18
2022/02/07 18:10:27 [notice] 1#1: using the "epoll" event method
2022/02/07 18:10:27 [notice] 1#1: nginx/1.21.6
2022/02/07 18:10:27 [notice] 1#1: built by gcc 10.3.1 20211027 (Alpine 10.3.1_git20211027) 
2022/02/07 18:10:27 [notice] 1#1: OS: Linux 5.10.76-linuxkit
2022/02/07 18:10:27 [notice] 1#1: getrlimit(RLIMIT_NOFILE): 1048576:1048576
2022/02/07 18:10:27 [notice] 1#1: start worker processes
2022/02/07 18:10:27 [notice] 1#1: start worker process 31
2022/02/07 18:10:27 [notice] 1#1: start worker process 32
2022/02/07 18:10:27 [notice] 1#1: start worker process 33
2022/02/07 18:10:27 [notice] 1#1: start worker process 34
2022/02/07 18:10:27 [notice] 1#1: start worker process 35
2022/02/07 18:10:27 [notice] 1#1: start worker process 36
2022/02/07 18:10:27 [notice] 1#1: start worker process 37
2022/02/07 18:10:27 [notice] 1#1: start worker process 38
2022/02/07 18:13:26 [notice] 1#1: signal 3 (SIGQUIT) received, shutting down
2022/02/07 18:13:26 [notice] 31#31: gracefully shutting down
2022/02/07 18:13:26 [notice] 32#32: gracefully shutting down
2022/02/07 18:13:26 [notice] 33#33: gracefully shutting down
2022/02/07 18:13:26 [notice] 34#34: gracefully shutting down
2022/02/07 18:13:26 [notice] 35#35: gracefully shutting down
2022/02/07 18:13:26 [notice] 36#36: gracefully shutting down
2022/02/07 18:13:26 [notice] 37#37: gracefully shutting down
2022/02/07 18:13:26 [notice] 38#38: gracefully shutting down
2022/02/07 18:13:26 [notice] 31#31: exiting
2022/02/07 18:13:26 [notice] 32#32: exiting
2022/02/07 18:13:26 [notice] 33#33: exiting
2022/02/07 18:13:26 [notice] 34#34: exiting
2022/02/07 18:13:26 [notice] 35#35: exiting
2022/02/07 18:13:26 [notice] 36#36: exiting
2022/02/07 18:13:26 [notice] 37#37: exiting
2022/02/07 18:13:26 [notice] 38#38: exiting
2022/02/07 18:13:26 [notice] 31#31: exit
2022/02/07 18:13:26 [notice] 32#32: exit
2022/02/07 18:13:26 [notice] 33#33: exit
2022/02/07 18:13:26 [notice] 34#34: exit
2022/02/07 18:13:26 [notice] 35#35: exit
2022/02/07 18:13:26 [notice] 36#36: exit
2022/02/07 18:13:26 [notice] 37#37: exit
2022/02/07 18:13:26 [notice] 38#38: exit
2022/02/07 18:13:26 [notice] 1#1: signal 17 (SIGCHLD) received from 31
2022/02/07 18:13:26 [notice] 1#1: worker process 31 exited with code 0
2022/02/07 18:13:26 [notice] 1#1: signal 29 (SIGIO) received
2022/02/07 18:13:26 [notice] 1#1: signal 17 (SIGCHLD) received from 38
2022/02/07 18:13:26 [notice] 1#1: worker process 38 exited with code 0
2022/02/07 18:13:26 [notice] 1#1: signal 29 (SIGIO) received
2022/02/07 18:13:26 [notice] 1#1: signal 17 (SIGCHLD) received from 36
2022/02/07 18:13:26 [notice] 1#1: worker process 32 exited with code 0
2022/02/07 18:13:26 [notice] 1#1: worker process 33 exited with code 0
2022/02/07 18:13:26 [notice] 1#1: worker process 34 exited with code 0
2022/02/07 18:13:26 [notice] 1#1: worker process 35 exited with code 0
2022/02/07 18:13:26 [notice] 1#1: worker process 36 exited with code 0
2022/02/07 18:13:26 [notice] 1#1: worker process 37 exited with code 0
2022/02/07 18:13:26 [notice] 1#1: exit
2022/02/07 18:13:52 [notice] 1#1: using the "epoll" event method
2022/02/07 18:13:52 [notice] 1#1: nginx/1.21.6
2022/02/07 18:13:52 [notice] 1#1: built by gcc 10.3.1 20211027 (Alpine 10.3.1_git20211027) 
2022/02/07 18:13:52 [notice] 1#1: OS: Linux 5.10.76-linuxkit
2022/02/07 18:13:52 [notice] 1#1: getrlimit(RLIMIT_NOFILE): 1048576:1048576
2022/02/07 18:13:52 [notice] 1#1: start worker processes
2022/02/07 18:13:52 [notice] 1#1: start worker process 31
2022/02/07 18:13:52 [notice] 1#1: start worker process 32
2022/02/07 18:13:52 [notice] 1#1: start worker process 33
2022/02/07 18:13:52 [notice] 1#1: start worker process 34
2022/02/07 18:13:52 [notice] 1#1: start worker process 35
2022/02/07 18:13:52 [notice] 1#1: start worker process 36
2022/02/07 18:13:52 [notice] 1#1: start worker process 37
2022/02/07 18:13:52 [notice] 1#1: start worker process 38
2022/02/07 18:14:46 [error] 31#31: *1 open() "/var/www/html/public/api/survey" failed (2: No such file or directory), client: 172.23.0.2, server: localhost, request: "GET /api/survey HTTP/1.1", host: "web.pnpsite.localhost:4848"
2022/02/07 18:14:49 [error] 31#31: *1 open() "/var/www/html/public/api/survey" failed (2: No such file or directory), client: 172.23.0.2, server: localhost, request: "GET /api/survey HTTP/1.1", host: "web.pnpsite.localhost:4848"
2022/02/07 18:15:17 [error] 31#31: *1 open() "/var/www/html/public/api/survey" failed (2: No such file or directory), client: 172.23.0.2, server: localhost, request: "POST /api/survey HTTP/1.1", host: "web.pnpsite.localhost:4848", referrer: "http://localhost:9000/"
2022/02/07 18:15:17 [error] 32#32: *2 open() "/var/www/html/public/api/survey" failed (2: No such file or directory), client: 172.23.0.2, server: localhost, request: "POST /api/survey HTTP/1.1", host: "web.pnpsite.localhost:4848", referrer: "http://localhost:9000/"
2022/02/07 18:16:02 [error] 32#32: *2 open() "/var/www/html/public/api/survey" failed (2: No such file or directory), client: 172.23.0.2, server: localhost, request: "GET /api/survey HTTP/1.1", host: "web.pnpsite.localhost:4848"
2022/02/07 18:16:03 [error] 32#32: *2 open() "/var/www/html/public/api/survey" failed (2: No such file or directory), client: 172.23.0.2, server: localhost, request: "GET /api/survey HTTP/1.1", host: "web.pnpsite.localhost:4848"
2022/02/07 18:17:39 [error] 33#33: *3 open() "/var/www/html/public/api/survey" failed (2: No such file or directory), client: 172.23.0.2, server: localhost, request: "GET /api/survey HTTP/1.1", host: "web.pnpsite.localhost:4848"
2022/02/07 18:17:55 [error] 33#33: *3 open() "/var/www/html/public/api/survey" failed (2: No such file or directory), client: 172.23.0.2, server: localhost, request: "GET /api/survey HTTP/1.1", host: "web.pnpsite.localhost:4848"
2022/02/07 18:18:42 [error] 33#33: *3 open() "/var/www/html/public/api/survey" failed (2: No such file or directory), client: 172.23.0.2, server: localhost, request: "POST /api/survey?topics=tedddst&tools=tes88t HTTP/1.1", host: "web.pnpsite.localhost:4848"
2022/02/07 18:18:53 [error] 33#33: *3 open() "/var/www/html/public/api/survey" failed (2: No such file or directory), client: 172.23.0.2, server: localhost, request: "POST /api/survey?topics=tedddst&tools=tes88t HTTP/1.1", host: "web.pnpsite.localhost:4848"
2022/02/07 18:37:43 [notice] 1#1: signal 3 (SIGQUIT) received, shutting down
2022/02/07 18:37:43 [notice] 31#31: gracefully shutting down
2022/02/07 18:37:43 [notice] 31#31: exiting
2022/02/07 18:37:43 [notice] 32#32: gracefully shutting down
2022/02/07 18:37:43 [notice] 33#33: gracefully shutting down
2022/02/07 18:37:43 [notice] 35#35: gracefully shutting down
2022/02/07 18:37:43 [notice] 36#36: gracefully shutting down
2022/02/07 18:37:43 [notice] 34#34: gracefully shutting down
2022/02/07 18:37:43 [notice] 37#37: gracefully shutting down
2022/02/07 18:37:43 [notice] 37#37: exiting
2022/02/07 18:37:43 [notice] 38#38: gracefully shutting down
2022/02/07 18:37:43 [notice] 31#31: exit
2022/02/07 18:37:43 [notice] 32#32: exiting
2022/02/07 18:37:43 [notice] 33#33: exiting
2022/02/07 18:37:43 [notice] 35#35: exiting
2022/02/07 18:37:43 [notice] 36#36: exiting
2022/02/07 18:37:43 [notice] 34#34: exiting
2022/02/07 18:37:43 [notice] 37#37: exit
2022/02/07 18:37:43 [notice] 38#38: exiting
2022/02/07 18:37:43 [notice] 32#32: exit
2022/02/07 18:37:43 [notice] 33#33: exit
2022/02/07 18:37:43 [notice] 35#35: exit
2022/02/07 18:37:43 [notice] 36#36: exit
2022/02/07 18:37:43 [notice] 34#34: exit
2022/02/07 18:37:43 [notice] 38#38: exit
2022/02/07 18:37:43 [notice] 1#1: signal 17 (SIGCHLD) received from 31
2022/02/07 18:37:43 [notice] 1#1: worker process 31 exited with code 0
2022/02/07 18:37:43 [notice] 1#1: signal 29 (SIGIO) received
2022/02/07 18:37:43 [notice] 1#1: signal 17 (SIGCHLD) received from 37
2022/02/07 18:37:43 [notice] 1#1: worker process 34 exited with code 0
2022/02/07 18:37:43 [notice] 1#1: worker process 35 exited with code 0
2022/02/07 18:37:43 [notice] 1#1: worker process 37 exited with code 0
2022/02/07 18:37:43 [notice] 1#1: signal 29 (SIGIO) received
2022/02/07 18:37:43 [notice] 1#1: signal 17 (SIGCHLD) received from 34
2022/02/07 18:37:43 [notice] 1#1: worker process 36 exited with code 0
2022/02/07 18:37:43 [notice] 1#1: signal 29 (SIGIO) received
2022/02/07 18:37:43 [notice] 1#1: signal 17 (SIGCHLD) received from 36
2022/02/07 18:37:43 [notice] 1#1: worker process 32 exited with code 0
2022/02/07 18:37:43 [notice] 1#1: signal 29 (SIGIO) received
2022/02/07 18:37:43 [notice] 1#1: signal 17 (SIGCHLD) received from 32
2022/02/07 18:37:43 [notice] 1#1: worker process 33 exited with code 0
2022/02/07 18:37:43 [notice] 1#1: worker process 38 exited with code 0
2022/02/07 18:37:43 [notice] 1#1: exit
2022/02/07 18:38:10 [notice] 1#1: using the "epoll" event method
2022/02/07 18:38:10 [notice] 1#1: nginx/1.21.6
2022/02/07 18:38:10 [notice] 1#1: built by gcc 10.3.1 20211027 (Alpine 10.3.1_git20211027) 
2022/02/07 18:38:10 [notice] 1#1: OS: Linux 5.10.76-linuxkit
2022/02/07 18:38:10 [notice] 1#1: getrlimit(RLIMIT_NOFILE): 1048576:1048576
2022/02/07 18:38:10 [notice] 1#1: start worker processes
2022/02/07 18:38:10 [notice] 1#1: start worker process 31
2022/02/07 18:38:10 [notice] 1#1: start worker process 32
2022/02/07 18:38:10 [notice] 1#1: start worker process 33
2022/02/07 18:38:10 [notice] 1#1: start worker process 34
2022/02/07 18:38:10 [notice] 1#1: start worker process 35
2022/02/07 18:38:10 [notice] 1#1: start worker process 36
2022/02/07 18:38:10 [notice] 1#1: start worker process 37
2022/02/07 18:38:10 [notice] 1#1: start worker process 38
